<?xml version="1.0" encoding="UTF-8"?>
<!-- Generated by org.testng.reporters.JUnitXMLReporter -->
<testsuite ignored="0" hostname="DESKTOP-KQV1UM2" failures="0" tests="4" name="Test" time="130.425" errors="0" timestamp="2024-05-30T00:56:46 IST">
  <testcase classname="com.crm.DemoWebShop.GiftCart2" name="Giftcart11" time="46.196"/>
  <testcase classname="com.crm.DemoWebShop.logIn_text" name="login" time="28.306"/>
  <testcase classname="com.crm.DemoWebShop.Register_text" name="register" time="19.583"/>
  <testcase classname="com.crm.DemoWebShop.DWSwelcome" name="welcom" time="36.265"/>
</testsuite> <!-- Test -->
