<?xml version="1.0" encoding="UTF-8"?>
<testng-results ignored="0" total="4" passed="4" failed="0" skipped="0">
  <reporter-output>
  </reporter-output>
  <suite started-at="2024-05-30T00:54:36 IST" name="Suite" finished-at="2024-05-30T00:56:46 IST" duration-ms="130425">
    <groups>
    </groups>
    <test started-at="2024-05-30T00:54:36 IST" name="Test" finished-at="2024-05-30T00:56:46 IST" duration-ms="130425">
      <class name="com.crm.DemoWebShop.DWSwelcome">
        <test-method signature="welcom()[pri:0, instance:com.crm.DemoWebShop.DWSwelcome@67a20f67]" started-at="2024-05-30T00:56:10 IST" name="welcom" finished-at="2024-05-30T00:56:46 IST" duration-ms="36265" status="PASS">
          <reporter-output>
          </reporter-output>
        </test-method> <!-- welcom -->
      </class> <!-- com.crm.DemoWebShop.DWSwelcome -->
      <class name="com.crm.DemoWebShop.Register_text">
        <test-method signature="register()[pri:0, instance:com.crm.DemoWebShop.Register_text@2667f029]" started-at="2024-05-30T00:55:50 IST" name="register" finished-at="2024-05-30T00:56:10 IST" duration-ms="19583" status="PASS">
          <reporter-output>
          </reporter-output>
        </test-method> <!-- register -->
      </class> <!-- com.crm.DemoWebShop.Register_text -->
      <class name="com.crm.DemoWebShop.logIn_text">
        <test-method signature="login()[pri:0, instance:com.crm.DemoWebShop.logIn_text@353d0772]" started-at="2024-05-30T00:55:22 IST" name="login" finished-at="2024-05-30T00:55:50 IST" duration-ms="28306" status="PASS">
          <reporter-output>
          </reporter-output>
        </test-method> <!-- login -->
      </class> <!-- com.crm.DemoWebShop.logIn_text -->
      <class name="com.crm.DemoWebShop.GiftCart2">
        <test-method signature="Giftcart11()[pri:0, instance:com.crm.DemoWebShop.GiftCart2@418e7838]" started-at="2024-05-30T00:54:36 IST" name="Giftcart11" finished-at="2024-05-30T00:55:22 IST" duration-ms="46196" status="PASS">
          <reporter-output>
          </reporter-output>
        </test-method> <!-- Giftcart11 -->
      </class> <!-- com.crm.DemoWebShop.GiftCart2 -->
    </test> <!-- Test -->
  </suite> <!-- Suite -->
</testng-results>
